11-03-2024 15:20:15.615 [main] INFO  c.s.r.SpringbootRestSimpleApplication.logStarting - Starting SpringbootRestSimpleApplication using Java 21.0.2 with PID 3740 (C:\Users\hello\OneDrive\Documents\GitHub\springboot-rest-simple\target\classes started by hello in C:\Users\hello\OneDrive\Documents\GitHub\springboot-rest-simple)
11-03-2024 15:20:15.618 [main] INFO  c.s.r.SpringbootRestSimpleApplication.logStartupProfileInfo - No active profile set, falling back to 1 default profile: "default"
11-03-2024 15:20:16.471 [main] INFO  o.s.d.r.c.RepositoryConfigurationDelegate.registerRepositoriesIn - Bootstrapping Spring Data JPA repositories in DEFAULT mode.
11-03-2024 15:20:16.537 [main] INFO  o.s.d.r.c.RepositoryConfigurationDelegate.registerRepositoriesIn - Finished Spring Data repository scanning in 56 ms. Found 1 JPA repository interface.
11-03-2024 15:20:17.144 [main] INFO  o.s.b.w.e.tomcat.TomcatWebServer.initialize - Tomcat initialized with port 8080 (http)
11-03-2024 15:20:17.155 [main] INFO  o.a.coyote.http11.Http11NioProtocol.log - Initializing ProtocolHandler ["http-nio-8080"]
11-03-2024 15:20:17.167 [main] INFO  o.a.catalina.core.StandardService.log - Starting service [Tomcat]
11-03-2024 15:20:17.168 [main] INFO  o.a.catalina.core.StandardEngine.log - Starting Servlet engine: [Apache Tomcat/10.1.19]
11-03-2024 15:20:17.644 [main] INFO  o.a.c.c.C.[Tomcat].[localhost].[/].log - Initializing Spring embedded WebApplicationContext
11-03-2024 15:20:17.645 [main] INFO  o.s.b.w.s.c.ServletWebServerApplicationContext.prepareWebApplicationContext - Root WebApplicationContext: initialization completed in 1936 ms
11-03-2024 15:20:17.683 [main] INFO  com.zaxxer.hikari.HikariDataSource.getConnection - HikariPool-1 - Starting...
11-03-2024 15:20:17.978 [main] INFO  com.zaxxer.hikari.pool.HikariPool.checkFailFast - HikariPool-1 - Added connection conn0: url=jdbc:h2:file:./data/app_db user=SA
11-03-2024 15:20:17.979 [main] INFO  com.zaxxer.hikari.HikariDataSource.getConnection - HikariPool-1 - Start completed.
11-03-2024 15:20:18.003 [main] INFO  o.s.b.a.h.H2ConsoleAutoConfiguration.logDataSources - H2 console available at '/h2-console'. Database available at 'jdbc:h2:file:./data/app_db'
11-03-2024 15:20:18.187 [main] INFO  o.h.jpa.internal.util.LogHelper.logPersistenceUnitInformation - HHH000204: Processing PersistenceUnitInfo [name: default]
11-03-2024 15:20:18.301 [main] INFO  org.hibernate.Version.logVersion - HHH000412: Hibernate ORM core version 6.4.4.Final
11-03-2024 15:20:18.360 [main] INFO  o.h.c.i.RegionFactoryInitiator.initiateService - HHH000026: Second-level cache disabled
11-03-2024 15:20:18.712 [main] INFO  o.s.o.j.p.SpringPersistenceUnitInfo.addTransformer - No LoadTimeWeaver setup: ignoring JPA class transformer
11-03-2024 15:20:20.809 [main] WARN  org.hibernate.orm.deprecation.constructDialect - HHH90000025: H2Dialect does not need to be specified explicitly using 'hibernate.dialect' (remove the property setting and it will be selected by default)
11-03-2024 15:20:23.522 [main] INFO  o.h.e.t.j.p.i.JtaPlatformInitiator.initiateService - HHH000489: No JTA platform available (set 'hibernate.transaction.jta.platform' to enable JTA platform integration)
11-03-2024 15:20:23.589 [main] INFO  o.s.o.j.LocalContainerEntityManagerFactoryBean.buildNativeEntityManagerFactory - Initialized JPA EntityManagerFactory for persistence unit 'default'
11-03-2024 15:20:24.074 [main] WARN  o.s.b.a.o.j.JpaBaseConfiguration$JpaWebConfiguration.openEntityManagerInViewInterceptor - spring.jpa.open-in-view is enabled by default. Therefore, database queries may be performed during view rendering. Explicitly configure spring.jpa.open-in-view to disable this warning
11-03-2024 15:20:24.471 [main] INFO  o.a.coyote.http11.Http11NioProtocol.log - Starting ProtocolHandler ["http-nio-8080"]
11-03-2024 15:20:24.496 [main] INFO  o.s.b.w.e.tomcat.TomcatWebServer.start - Tomcat started on port 8080 (http) with context path ''
11-03-2024 15:20:24.506 [main] INFO  c.s.r.SpringbootRestSimpleApplication.logStarted - Started SpringbootRestSimpleApplication in 9.64 seconds (process running for 10.281)
11-03-2024 15:20:51.232 [http-nio-8080-exec-2] INFO  o.a.c.c.C.[Tomcat].[localhost].[/].log - Initializing Spring DispatcherServlet 'dispatcherServlet'
11-03-2024 15:20:51.232 [http-nio-8080-exec-2] INFO  o.s.web.servlet.DispatcherServlet.initServletBean - Initializing Servlet 'dispatcherServlet'
11-03-2024 15:20:51.234 [http-nio-8080-exec-2] INFO  o.s.web.servlet.DispatcherServlet.initServletBean - Completed initialization in 2 ms
11-03-2024 15:20:51.261 [http-nio-8080-exec-2] INFO  c.s.r.controller.EmployeeController.getEmployees - An INFO Message
11-03-2024 15:20:51.261 [http-nio-8080-exec-2] WARN  c.s.r.controller.EmployeeController.getEmployees - A WARN Message
11-03-2024 15:20:51.261 [http-nio-8080-exec-2] ERROR c.s.r.controller.EmployeeController.getEmployees - An ERROR Message
11-03-2024 15:23:09.070 [SpringApplicationShutdownHook] INFO  o.s.o.j.LocalContainerEntityManagerFactoryBean.destroy - Closing JPA EntityManagerFactory for persistence unit 'default'
11-03-2024 15:23:09.095 [SpringApplicationShutdownHook] INFO  com.zaxxer.hikari.HikariDataSource.close - HikariPool-1 - Shutdown initiated...
11-03-2024 15:23:09.104 [SpringApplicationShutdownHook] INFO  com.zaxxer.hikari.HikariDataSource.close - HikariPool-1 - Shutdown completed.
11-03-2024 15:23:13.330 [main] INFO  c.s.r.SpringbootRestSimpleApplication.logStarting - Starting SpringbootRestSimpleApplication using Java 21.0.2 with PID 22920 (C:\Users\hello\OneDrive\Documents\GitHub\springboot-rest-simple\target\classes started by hello in C:\Users\hello\OneDrive\Documents\GitHub\springboot-rest-simple)
11-03-2024 15:23:13.333 [main] INFO  c.s.r.SpringbootRestSimpleApplication.logStartupProfileInfo - No active profile set, falling back to 1 default profile: "default"
11-03-2024 15:23:14.042 [main] INFO  o.s.d.r.c.RepositoryConfigurationDelegate.registerRepositoriesIn - Bootstrapping Spring Data JPA repositories in DEFAULT mode.
11-03-2024 15:23:14.101 [main] INFO  o.s.d.r.c.RepositoryConfigurationDelegate.registerRepositoriesIn - Finished Spring Data repository scanning in 52 ms. Found 1 JPA repository interface.
11-03-2024 15:23:20.159 [main] INFO  o.s.b.w.e.tomcat.TomcatWebServer.initialize - Tomcat initialized with port 8080 (http)
11-03-2024 15:23:20.172 [main] INFO  o.a.coyote.http11.Http11NioProtocol.log - Initializing ProtocolHandler ["http-nio-8080"]
11-03-2024 15:23:20.176 [main] INFO  o.a.catalina.core.StandardService.log - Starting service [Tomcat]
11-03-2024 15:23:20.176 [main] INFO  o.a.catalina.core.StandardEngine.log - Starting Servlet engine: [Apache Tomcat/10.1.19]
11-03-2024 15:23:20.257 [main] INFO  o.a.c.c.C.[Tomcat].[localhost].[/].log - Initializing Spring embedded WebApplicationContext
11-03-2024 15:23:20.257 [main] INFO  o.s.b.w.s.c.ServletWebServerApplicationContext.prepareWebApplicationContext - Root WebApplicationContext: initialization completed in 6877 ms
11-03-2024 15:23:20.289 [main] INFO  com.zaxxer.hikari.HikariDataSource.getConnection - HikariPool-1 - Starting...
11-03-2024 15:23:20.548 [main] INFO  com.zaxxer.hikari.pool.HikariPool.checkFailFast - HikariPool-1 - Added connection conn0: url=jdbc:h2:file:./data/app_db user=SA
11-03-2024 15:23:20.549 [main] INFO  com.zaxxer.hikari.HikariDataSource.getConnection - HikariPool-1 - Start completed.
11-03-2024 15:23:20.572 [main] INFO  o.s.b.a.h.H2ConsoleAutoConfiguration.logDataSources - H2 console available at '/h2-console'. Database available at 'jdbc:h2:file:./data/app_db'
11-03-2024 15:23:20.742 [main] INFO  o.h.jpa.internal.util.LogHelper.logPersistenceUnitInformation - HHH000204: Processing PersistenceUnitInfo [name: default]
11-03-2024 15:23:20.841 [main] INFO  org.hibernate.Version.logVersion - HHH000412: Hibernate ORM core version 6.4.4.Final
11-03-2024 15:23:20.879 [main] INFO  o.h.c.i.RegionFactoryInitiator.initiateService - HHH000026: Second-level cache disabled
11-03-2024 15:23:21.158 [main] INFO  o.s.o.j.p.SpringPersistenceUnitInfo.addTransformer - No LoadTimeWeaver setup: ignoring JPA class transformer
11-03-2024 15:23:21.207 [main] WARN  org.hibernate.orm.deprecation.constructDialect - HHH90000025: H2Dialect does not need to be specified explicitly using 'hibernate.dialect' (remove the property setting and it will be selected by default)
11-03-2024 15:23:21.899 [main] INFO  o.h.e.t.j.p.i.JtaPlatformInitiator.initiateService - HHH000489: No JTA platform available (set 'hibernate.transaction.jta.platform' to enable JTA platform integration)
11-03-2024 15:23:21.939 [main] INFO  o.s.o.j.LocalContainerEntityManagerFactoryBean.buildNativeEntityManagerFactory - Initialized JPA EntityManagerFactory for persistence unit 'default'
11-03-2024 15:23:22.214 [main] WARN  o.s.b.a.o.j.JpaBaseConfiguration$JpaWebConfiguration.openEntityManagerInViewInterceptor - spring.jpa.open-in-view is enabled by default. Therefore, database queries may be performed during view rendering. Explicitly configure spring.jpa.open-in-view to disable this warning
11-03-2024 15:23:22.567 [main] INFO  o.a.coyote.http11.Http11NioProtocol.log - Starting ProtocolHandler ["http-nio-8080"]
11-03-2024 15:23:22.588 [main] INFO  o.s.b.w.e.tomcat.TomcatWebServer.start - Tomcat started on port 8080 (http) with context path ''
11-03-2024 15:23:22.596 [main] INFO  c.s.r.SpringbootRestSimpleApplication.logStarted - Started SpringbootRestSimpleApplication in 9.766 seconds (process running for 10.13)
11-03-2024 15:23:34.336 [http-nio-8080-exec-2] INFO  o.a.c.c.C.[Tomcat].[localhost].[/].log - Initializing Spring DispatcherServlet 'dispatcherServlet'
11-03-2024 15:23:34.336 [http-nio-8080-exec-2] INFO  o.s.web.servlet.DispatcherServlet.initServletBean - Initializing Servlet 'dispatcherServlet'
11-03-2024 15:23:34.337 [http-nio-8080-exec-2] INFO  o.s.web.servlet.DispatcherServlet.initServletBean - Completed initialization in 1 ms
11-03-2024 15:23:34.368 [http-nio-8080-exec-2] INFO  c.s.r.controller.EmployeeController.getEmployees - An INFO Message
11-03-2024 15:23:34.369 [http-nio-8080-exec-2] WARN  c.s.r.controller.EmployeeController.getEmployees - A WARN Message
11-03-2024 15:23:34.369 [http-nio-8080-exec-2] ERROR c.s.r.controller.EmployeeController.getEmployees - An ERROR Message
11-03-2024 15:23:35.763 [http-nio-8080-exec-3] INFO  c.s.r.controller.EmployeeController.getEmployees - An INFO Message
11-03-2024 15:23:35.763 [http-nio-8080-exec-3] WARN  c.s.r.controller.EmployeeController.getEmployees - A WARN Message
11-03-2024 15:23:35.764 [http-nio-8080-exec-3] ERROR c.s.r.controller.EmployeeController.getEmployees - An ERROR Message
11-03-2024 15:23:50.402 [http-nio-8080-exec-4] INFO  c.s.r.controller.EmployeeController.getEmployees - An INFO Message
11-03-2024 15:23:50.402 [http-nio-8080-exec-4] WARN  c.s.r.controller.EmployeeController.getEmployees - A WARN Message
11-03-2024 15:23:50.403 [http-nio-8080-exec-4] ERROR c.s.r.controller.EmployeeController.getEmployees - An ERROR Message
11-03-2024 15:23:51.129 [http-nio-8080-exec-5] INFO  c.s.r.controller.EmployeeController.getEmployees - An INFO Message
11-03-2024 15:23:51.130 [http-nio-8080-exec-5] WARN  c.s.r.controller.EmployeeController.getEmployees - A WARN Message
11-03-2024 15:23:51.131 [http-nio-8080-exec-5] ERROR c.s.r.controller.EmployeeController.getEmployees - An ERROR Message
11-03-2024 15:23:51.810 [http-nio-8080-exec-6] INFO  c.s.r.controller.EmployeeController.getEmployees - An INFO Message
11-03-2024 15:23:51.810 [http-nio-8080-exec-6] WARN  c.s.r.controller.EmployeeController.getEmployees - A WARN Message
11-03-2024 15:23:51.810 [http-nio-8080-exec-6] ERROR c.s.r.controller.EmployeeController.getEmployees - An ERROR Message
11-03-2024 15:24:19.708 [SpringApplicationShutdownHook] INFO  o.s.o.j.LocalContainerEntityManagerFactoryBean.destroy - Closing JPA EntityManagerFactory for persistence unit 'default'
11-03-2024 15:24:19.710 [SpringApplicationShutdownHook] INFO  com.zaxxer.hikari.HikariDataSource.close - HikariPool-1 - Shutdown initiated...
11-03-2024 15:24:19.711 [SpringApplicationShutdownHook] INFO  com.zaxxer.hikari.HikariDataSource.close - HikariPool-1 - Shutdown completed.
